#
# A fatal error has been detected by the Java Runtime Environment:
#
#  SIGSEGV (0xb) at pc=0x000000010dc351f1, pid=3161, tid=11523
#
# JRE version: Java(TM) SE Runtime Environment (7.0_55-b13) (build 1.7.0_55-b13)
# Java VM: Java HotSpot(TM) 64-Bit Server VM (24.55-b03 mixed mode bsd-amd64 compressed oops)
# Problematic frame:
# V  [libjvm.dylib+0x2351f1]  oopDesc::size()+0x2d
#
# Failed to write core dump. Core dumps have been disabled. To enable core dumping, try "ulimit -c unlimited" before starting Java again
#
# If you would like to submit a bug report, please visit:
#   http://bugreport.sun.com/bugreport/crash.jsp
#

---------------  T H R E A D  ---------------

Current thread (0x00007fb61280d800):  GCTaskThread [stack: 0x0000000112000000,0x0000000112100000] [id=11523]

siginfo:si_signo=SIGSEGV: si_errno=0, si_code=1 (SEGV_MAPERR), si_addr=0x00000000026001f8

Registers:
RAX=0x000000010e1705c0, RBX=0x000000000065006c, RCX=0x0000000000000003, RDX=0x0000000000000001
RSP=0x00000001120ffbd0, RBP=0x00000001120ffbd0, RSI=0x00000007ed2016a0, RDI=0x00000000026001e0
R8 =0x0000000000000010, R9 =0x0000000000000003, R10=0x0000000003e41901, R11=0x000000000f78f698
R12=0x000000010e20ad98, R13=0x00000007fc9b52a9, R14=0x00007fb61250a480, R15=0x00007fb61250a520
RIP=0x000000010dc351f1, EFLAGS=0x0000000000010202, ERR=0x0000000000000004
  TRAPNO=0x000000000000000e

Top of Stack: (sp=0x00000001120ffbd0)
0x00000001120ffbd0:   00000001120ffc40 000000010de562a5
0x00000001120ffbe0:   0000000000000000 00000007ed2016a0
0x00000001120ffbf0:   00000007fc9b0000 0000000000001000
0x00000001120ffc00:   00000007c1000f5d 0000000000000000
0x00000001120ffc10:   000000000000000d 00000007fc9b52a9
0x00000001120ffc20:   000000010e20ad98 00000007fc9b52a9
0x00000001120ffc30:   00000007fc9b52a8 00007fb61250a520
0x00000001120ffc40:   00000001120ffc60 000000010de566d1
0x00000001120ffc50:   00007fb61250a480 00007fb61250a4e8
0x00000001120ffc60:   00000001120ffcc0 000000010de556e1
0x00000001120ffc70:   00000007c6b8649d 00000007b01f19c0
0x00000001120ffc80:   00000007fc9b52a9 000000010de038e5
0x00000001120ffc90:   00007fb61250a480 00000007c6b86600
0x00000001120ffca0:   00000001116cbc33 00000007c6b86600
0x00000001120ffcb0:   00000001116cbca0 0000000000000240
0x00000001120ffcc0:   00000001120ffd80 000000010db6c8f6
0x00000001120ffcd0:   0000000000009600 0000000000000400
0x00000001120ffce0:   fffffffeee9286ba 0000000000000000
0x00000001120ffcf0:   00000001116d7944 000000010d896000
0x00000001120ffd00:   00000001116d7945 0000000003e35c00
0x00000001120ffd10:   fffffffeee93437f 0000000003e41945
0x00000001120ffd20:   00000001116cbc9f 00000001116cbc01
0x00000001120ffd30:   00000007c8328888 00000007c6b93e28
0x00000001120ffd40:   00007fb6126057c0 00007fb61250a480
0x00000001120ffd50:   00007fb612605530 00007fb614a00920
0x00000001120ffd60:   0000000000000000 000000010df75233
0x00000001120ffd70:   00007fb61250a480 0000000000000001
0x00000001120ffd80:   00000001120ffdb0 000000010de58bdb
0x00000001120ffd90:   00007fb600000008 00007fb612608d50
0x00000001120ffda0:   00007fb61280d800 00007fb614a00920
0x00000001120ffdb0:   00000001120ffe90 000000010dc69aa7
0x00000001120ffdc0:   00000001120ffdf0 00007fb61241dce0 

Instructions: (pc=0x000000010dc351f1)
0x000000010dc351d1:   84 d2 48 89 fe 74 15 48 8d 05 e1 b3 53 00 8a 48
0x000000010dc351e1:   08 8b 7e 08 48 d3 e7 48 03 38 eb 04 48 8b 7e 08
0x000000010dc351f1:   8b 47 18 48 83 c7 10 85 c0 7e 09 a8 01 75 4e c1
0x000000010dc35201:   f8 03 eb 47 85 c0 7f 43 85 c0 79 41 84 d2 0f 94 

Register to memory mapping:

RAX=0x000000010e1705c0: _ZN8Universe11_narrow_oopE+0 in /Library/Java/JavaVirtualMachines/jdk1.7.0_55.jdk/Contents/Home/jre/lib/server/libjvm.dylib at 0x000000010da00000
RBX=0x000000000065006c is an unknown value
RCX=0x0000000000000003 is an unknown value
RDX=0x0000000000000001 is an unknown value
RSP=0x00000001120ffbd0 is an unknown value
RBP=0x00000001120ffbd0 is an unknown value
RSI=0x00000007ed2016a0 is an unknown value
RDI=0x00000000026001e0 is an unknown value
R8 =0x0000000000000010 is an unknown value
R9 =0x0000000000000003 is an unknown value
R10=0x0000000003e41901 is an unknown value
R11=0x000000000f78f698 is an unknown value
R12=0x000000010e20ad98: _ZN2os16_processor_countE+0 in /Library/Java/JavaVirtualMachines/jdk1.7.0_55.jdk/Contents/Home/jre/lib/server/libjvm.dylib at 0x000000010da00000
R13=0x00000007fc9b52a9 is an unknown value
R14=0x00007fb61250a480 is an unknown value
R15=0x00007fb61250a520 is an unknown value


Stack: [0x0000000112000000,0x0000000112100000],  sp=0x00000001120ffbd0,  free space=1022k
Native frames: (J=compiled Java code, j=interpreted, Vv=VM code, C=native code)
V  [libjvm.dylib+0x2351f1]  oopDesc::size()+0x2d
V  [libjvm.dylib+0x4562a5]  oopDesc* PSPromotionManager::copy_to_survivor_space<false>(oopDesc*)+0x35
V  [libjvm.dylib+0x4566d1]  PSPromotionManager::process_popped_location_depth(StarTask)+0x73
V  [libjvm.dylib+0x4556e1]  PSPromotionManager::drain_stacks_depth(bool)+0x105
V  [libjvm.dylib+0x16c8f6]  CardTableExtension::scavenge_contents_parallel(ObjectStartArray*, MutableSpace*, HeapWord*, PSPromotionManager*, unsigned int, unsigned int)+0x388
V  [libjvm.dylib+0x458bdb]  OldToYoungRootsTask::do_it(GCTaskManager*, unsigned int)+0x4b
V  [libjvm.dylib+0x269aa7]  GCTaskThread::run()+0x1a1
V  [libjvm.dylib+0x41b14e]  java_start(Thread*)+0x126
C  [libsystem_pthread.dylib+0x3268]  _pthread_body+0x83
C  [libsystem_pthread.dylib+0x31e5]  _pthread_body+0x0
C  [libsystem_pthread.dylib+0x141d]  thread_start+0xd


---------------  P R O C E S S  ---------------

Java Threads: ( => current thread )
  0x00007fb612ace800 JavaThread "Stdin handler" [_thread_blocked, id=15223, stack(0x00000001199dd000,0x0000000119add000)]
  0x00007fb613675800 JavaThread "Daemon worker Thread 6" [_thread_blocked, id=21799, stack(0x00000001198da000,0x00000001199da000)]
  0x00007fb6172a2000 JavaThread "Cancel handler" [_thread_blocked, id=26167, stack(0x00000001197d7000,0x00000001198d7000)]
  0x00007fb61781f800 JavaThread "Handler for socket connection from /127.0.0.1:57536 to /127.0.0.1:64365" [_thread_in_native, id=22807, stack(0x00000001196d4000,0x00000001197d4000)]
  0x00007fb6172d4800 JavaThread "Daemon Thread 6" [_thread_blocked, id=21271, stack(0x00000001195d1000,0x00000001196d1000)]
  0x00007fb614003000 JavaThread "File lock request listener" [_thread_in_native, id=24323, stack(0x0000000119132000,0x0000000119232000)]
  0x00007fb6129d0000 JavaThread "Incoming local TCP Connector on port 57536" [_thread_in_native, id=20739, stack(0x00000001194ce000,0x00000001195ce000)]
  0x00007fb613041000 JavaThread "Service Thread" daemon [_thread_blocked, id=19715, stack(0x0000000118afb000,0x0000000118bfb000)]
  0x00007fb613040800 JavaThread "C2 CompilerThread1" daemon [_thread_blocked, id=19203, stack(0x00000001189f8000,0x0000000118af8000)]
  0x00007fb61302d000 JavaThread "C2 CompilerThread0" daemon [_thread_blocked, id=18691, stack(0x00000001188f5000,0x00000001189f5000)]
  0x00007fb61302c000 JavaThread "Signal Dispatcher" daemon [_thread_blocked, id=15383, stack(0x00000001187f2000,0x00000001188f2000)]
  0x00007fb613811800 JavaThread "Finalizer" daemon [_thread_blocked, id=13571, stack(0x0000000116ddc000,0x0000000116edc000)]
  0x00007fb61380e800 JavaThread "Reference Handler" daemon [_thread_blocked, id=13059, stack(0x0000000116cd9000,0x0000000116dd9000)]
  0x00007fb613802000 JavaThread "main" [_thread_blocked, id=4867, stack(0x000000010e454000,0x000000010e554000)]

Other Threads:
  0x00007fb613029000 VMThread [stack: 0x0000000116bd6000,0x0000000116cd6000] [id=12547]
  0x00007fb61302b000 WatcherThread [stack: 0x0000000118bfe000,0x0000000118cfe000] [id=20227]

=>0x00007fb61280d800 (exited) GCTaskThread [stack: 0x0000000112000000,0x0000000112100000] [id=11523]

VM state:at safepoint (normal execution)

VM Mutex/Monitor currently owned by a thread:  ([mutex/lock_event])
[0x00007fb612503500] Threads_lock - owner thread: 0x00007fb613029000
[0x00007fb612503a00] Heap_lock - owner thread: 0x00007fb613675800

Heap
 PSYoungGen      total 269312K, used 269199K [0x00000007eaa80000, 0x00000007ff880000, 0x0000000800000000)
  eden space 241664K, 100% used [0x00000007eaa80000,0x00000007f9680000,0x00000007f9680000)
  from space 27648K, 99% used [0x00000007f9680000,0x00000007fb163d80,0x00000007fb180000)
  to   space 50176K, 16% used [0x00000007fc780000,0x00000007fcf7c030,0x00000007ff880000)
 ParOldGen       total 256512K, used 134306K [0x00000007c0000000, 0x00000007cfa80000, 0x00000007eaa80000)
  object space 256512K, 52% used [0x00000007c0000000,0x00000007c8328888,0x00000007cfa80000)
 PSPermGen       total 178176K, used 146516K [0x00000007b0000000, 0x00000007bae00000, 0x00000007c0000000)
  object space 178176K, 82% used [0x00000007b0000000,0x00000007b8f152c8,0x00000007bae00000)

Card table byte_map: [0x0000000111616000,0x0000000111897000] byte_map_base: 0x000000010d896000

Polling page: 0x000000010c95d000

Code Cache  [0x000000010e556000, 0x000000010f026000, 0x0000000111556000)
 total_blobs=3349 nmethods=2686 adapters=615 free_code_cache=38247Kb largest_free_block=39037888

Compilation events (10 events):
Event: 7359.083 Thread 0x00007fb613040800 nmethod 2939 0x000000010f008ad0 code [0x000000010f008c60, 0x000000010f008fd8]
Event: 7359.085 Thread 0x00007fb61302d000 nmethod 2940 0x000000010f011d90 code [0x000000010f011f20, 0x000000010f012438]
Event: 7359.113 Thread 0x00007fb613040800 2941             org.gradle.internal.service.DefaultServiceRegistry$ParameterizedTypeSpec::isSatisfiedBy (90 bytes)
Event: 7359.113 Thread 0x00007fb61302d000 2942             org.gradle.internal.service.DefaultServiceRegistry$ParameterizedTypeSpec::isSatisfiedBy (9 bytes)
Event: 7359.124 Thread 0x00007fb613040800 nmethod 2941 0x000000010f00ce10 code [0x000000010f00d000, 0x000000010f00d8c8]
Event: 7359.125 Thread 0x00007fb61302d000 nmethod 2942 0x000000010f013110 code [0x000000010f013300, 0x000000010f013c48]
Event: 7359.128 Thread 0x00007fb61302d000 2943             groovy.lang.MetaClassImpl::copyClassPropertyIndexForSuper (53 bytes)
Event: 7359.145 Thread 0x00007fb61302d000 nmethod 2943 0x000000010f007610 code [0x000000010f0077e0, 0x000000010f008078]
Event: 7359.559 Thread 0x00007fb613040800 2944             groovyjarjarasm.asm.ClassWriter::newClass (9 bytes)
Event: 7359.560 Thread 0x00007fb613040800 nmethod 2944 0x000000010f011ad0 code [0x000000010f011c20, 0x000000010f011cc8]

GC Heap History (10 events):
Event: 1104.813 GC heap after
Heap after GC invocations=30 (full 6):
 PSYoungGen      total 276992K, used 22636K [0x00000007eaa80000, 0x0000000800000000, 0x0000000800000000)
  eden space 235008K, 9% used [0x00000007eaa80000,0x00000007ec09b310,0x00000007f9000000)
  from space 41984K, 0% used [0x00000007fd700000,0x00000007fd700000,0x0000000800000000)
  to   space 57344K, 0% used [0x00000007f9000000,0x00000007f9000000,0x00000007fc800000)
 ParOldGen       total 256512K, used 152530K [0x00000007c0000000, 0x00000007cfa80000, 0x00000007eaa80000)
  object space 256512K, 59% used [0x00000007c0000000,0x00000007c94f4970,0x00000007cfa80000)
 PSPermGen       total 175616K, used 126701K [0x00000007b0000000, 0x00000007bab80000, 0x00000007c0000000)
  object space 175616K, 72% used [0x00000007b0000000,0x00000007b7bbb758,0x00000007bab80000)
}
Event: 1115.899 GC heap before
{Heap before GC invocations=31 (full 6):
 PSYoungGen      total 276992K, used 235008K [0x00000007eaa80000, 0x0000000800000000, 0x0000000800000000)
  eden space 235008K, 100% used [0x00000007eaa80000,0x00000007f9000000,0x00000007f9000000)
  from space 41984K, 0% used [0x00000007fd700000,0x00000007fd700000,0x0000000800000000)
  to   space 57344K, 0% used [0x00000007f9000000,0x00000007f9000000,0x00000007fc800000)
 ParOldGen       total 256512K, used 152530K [0x00000007c0000000, 0x00000007cfa80000, 0x00000007eaa80000)
  object space 256512K, 59% used [0x00000007c0000000,0x00000007c94f4970,0x00000007cfa80000)
 PSPermGen       total 175616K, used 130148K [0x00000007b0000000, 0x00000007bab80000, 0x00000007c0000000)
  object space 175616K, 74% used [0x00000007b0000000,0x00000007b7f19170,0x00000007bab80000)
Event: 1115.963 GC heap after
Heap after GC invocations=31 (full 6):
 PSYoungGen      total 292352K, used 28560K [0x00000007eaa80000, 0x0000000800000000, 0x0000000800000000)
  eden space 235008K, 0% used [0x00000007eaa80000,0x00000007eaa80000,0x00000007f9000000)
  from space 57344K, 49% used [0x00000007f9000000,0x00000007fabe4308,0x00000007fc800000)
  to   space 55296K, 0% used [0x00000007fca00000,0x00000007fca00000,0x0000000800000000)
 ParOldGen       total 256512K, used 152530K [0x00000007c0000000, 0x00000007cfa80000, 0x00000007eaa80000)
  object space 256512K, 59% used [0x00000007c0000000,0x00000007c94f4970,0x00000007cfa80000)
 PSPermGen       total 175616K, used 130148K [0x00000007b0000000, 0x00000007bab80000, 0x00000007c0000000)
  object space 175616K, 74% used [0x00000007b0000000,0x00000007b7f19170,0x00000007bab80000)
}
Event: 1117.744 GC heap before
{Heap before GC invocations=32 (full 6):
 PSYoungGen      total 292352K, used 67544K [0x00000007eaa80000, 0x0000000800000000, 0x0000000800000000)
  eden space 235008K, 16% used [0x00000007eaa80000,0x00000007ed092040,0x00000007f9000000)
  from space 57344K, 49% used [0x00000007f9000000,0x00000007fabe4308,0x00000007fc800000)
  to   space 55296K, 0% used [0x00000007fca00000,0x00000007fca00000,0x0000000800000000)
 ParOldGen       total 256512K, used 152530K [0x00000007c0000000, 0x00000007cfa80000, 0x00000007eaa80000)
  object space 256512K, 59% used [0x00000007c0000000,0x00000007c94f4970,0x00000007cfa80000)
 PSPermGen       total 175616K, used 130898K [0x00000007b0000000, 0x00000007bab80000, 0x00000007c0000000)
  object space 175616K, 74% used [0x00000007b0000000,0x00000007b7fd49f0,0x00000007bab80000)
Event: 1117.761 GC heap after
Heap after GC invocations=32 (full 6):
 PSYoungGen      total 296960K, used 25562K [0x00000007eaa80000, 0x0000000800000000, 0x0000000800000000)
  eden space 241664K, 0% used [0x00000007eaa80000,0x00000007eaa80000,0x00000007f9680000)
  from space 55296K, 46% used [0x00000007fca00000,0x00000007fe2f69d0,0x0000000800000000)
  to   space 52736K, 0% used [0x00000007f9680000,0x00000007f9680000,0x00000007fca00000)
 ParOldGen       total 256512K, used 152530K [0x00000007c0000000, 0x00000007cfa80000, 0x00000007eaa80000)
  object space 256512K, 59% used [0x00000007c0000000,0x00000007c94f4970,0x00000007cfa80000)
 PSPermGen       total 175616K, used 130898K [0x00000007b0000000, 0x00000007bab80000, 0x00000007c0000000)
  object space 175616K, 74% used [0x00000007b0000000,0x00000007b7fd49f0,0x00000007bab80000)
}
Event: 1117.761 GC heap before
{Heap before GC invocations=33 (full 7):
 PSYoungGen      total 296960K, used 25562K [0x00000007eaa80000, 0x0000000800000000, 0x0000000800000000)
  eden space 241664K, 0% used [0x00000007eaa80000,0x00000007eaa80000,0x00000007f9680000)
  from space 55296K, 46% used [0x00000007fca00000,0x00000007fe2f69d0,0x0000000800000000)
  to   space 52736K, 0% used [0x00000007f9680000,0x00000007f9680000,0x00000007fca00000)
 ParOldGen       total 256512K, used 152530K [0x00000007c0000000, 0x00000007cfa80000, 0x00000007eaa80000)
  object space 256512K, 59% used [0x00000007c0000000,0x00000007c94f4970,0x00000007cfa80000)
 PSPermGen       total 175616K, used 130898K [0x00000007b0000000, 0x00000007bab80000, 0x00000007c0000000)
  object space 175616K, 74% used [0x00000007b0000000,0x00000007b7fd49f0,0x00000007bab80000)
Event: 1118.366 GC heap after
Heap after GC invocations=33 (full 7):
 PSYoungGen      total 296960K, used 0K [0x00000007eaa80000, 0x0000000800000000, 0x0000000800000000)
  eden space 241664K, 0% used [0x00000007eaa80000,0x00000007eaa80000,0x00000007f9680000)
  from space 55296K, 0% used [0x00000007fca00000,0x00000007fca00000,0x0000000800000000)
  to   space 52736K, 0% used [0x00000007f9680000,0x00000007f9680000,0x00000007fca00000)
 ParOldGen       total 256512K, used 134306K [0x00000007c0000000, 0x00000007cfa80000, 0x00000007eaa80000)
  object space 256512K, 52% used [0x00000007c0000000,0x00000007c8328888,0x00000007cfa80000)
 PSPermGen       total 178176K, used 129948K [0x00000007b0000000, 0x00000007bae00000, 0x00000007c0000000)
  object space 178176K, 72% used [0x00000007b0000000,0x00000007b7ee71c0,0x00000007bae00000)
}
Event: 1136.480 GC heap before
{Heap before GC invocations=34 (full 7):
 PSYoungGen      total 296960K, used 241664K [0x00000007eaa80000, 0x0000000800000000, 0x0000000800000000)
  eden space 241664K, 100% used [0x00000007eaa80000,0x00000007f9680000,0x00000007f9680000)
  from space 55296K, 0% used [0x00000007fca00000,0x00000007fca00000,0x0000000800000000)
  to   space 52736K, 0% used [0x00000007f9680000,0x00000007f9680000,0x00000007fca00000)
 ParOldGen       total 256512K, used 134306K [0x00000007c0000000, 0x00000007cfa80000, 0x00000007eaa80000)
  object space 256512K, 52% used [0x00000007c0000000,0x00000007c8328888,0x00000007cfa80000)
 PSPermGen       total 178176K, used 139155K [0x00000007b0000000, 0x00000007bae00000, 0x00000007c0000000)
  object space 178176K, 78% used [0x00000007b0000000,0x00000007b87e4de8,0x00000007bae00000)
Event: 1136.502 GC heap after
Heap after GC invocations=34 (full 7):
 PSYoungGen      total 269312K, used 27535K [0x00000007eaa80000, 0x00000007ff880000, 0x0000000800000000)
  eden space 241664K, 0% used [0x00000007eaa80000,0x00000007eaa80000,0x00000007f9680000)
  from space 27648K, 99% used [0x00000007f9680000,0x00000007fb163d80,0x00000007fb180000)
  to   space 50176K, 0% used [0x00000007fc780000,0x00000007fc780000,0x00000007ff880000)
 ParOldGen       total 256512K, used 134306K [0x00000007c0000000, 0x00000007cfa80000, 0x00000007eaa80000)
  object space 256512K, 52% used [0x00000007c0000000,0x00000007c8328888,0x00000007cfa80000)
 PSPermGen       total 178176K, used 139155K [0x00000007b0000000, 0x00000007bae00000, 0x00000007c0000000)
  object space 178176K, 78% used [0x00000007b0000000,0x00000007b87e4de8,0x00000007bae00000)
}
Event: 7359.584 GC heap before
{Heap before GC invocations=35 (full 7):
 PSYoungGen      total 269312K, used 269199K [0x00000007eaa80000, 0x00000007ff880000, 0x0000000800000000)
  eden space 241664K, 100% used [0x00000007eaa80000,0x00000007f9680000,0x00000007f9680000)
  from space 27648K, 99% used [0x00000007f9680000,0x00000007fb163d80,0x00000007fb180000)
  to   space 50176K, 0% used [0x00000007fc780000,0x00000007fc780000,0x00000007ff880000)
 ParOldGen       total 256512K, used 134306K [0x00000007c0000000, 0x00000007cfa80000, 0x00000007eaa80000)
  object space 256512K, 52% used [0x00000007c0000000,0x00000007c8328888,0x00000007cfa80000)
 PSPermGen       total 178176K, used 146516K [0x00000007b0000000, 0x00000007bae00000, 0x00000007c0000000)
  object space 178176K, 82% used [0x00000007b0000000,0x00000007b8f152c8,0x00000007bae00000)

Deoptimization events (10 events):
Event: 1117.321 Thread 0x00007fb612ace800 Uncommon trap: reason=null_check action=make_not_entrant pc=0x000000010eb2a26c method=com.android.builder.internal.packaging.Packager.checkFileForDuplicate(Ljava/lang/String;)Ljava/io/File; @ 8
Event: 1133.796 Thread 0x00007fb612ace800 Uncommon trap: reason=class_check action=maybe_recompile pc=0x000000010ed23f28 method=java.lang.StringCoding$StringDecoder.charsetName()Ljava/lang/String; @ 4
Event: 1133.821 Thread 0x00007fb612ace800 Uncommon trap: reason=unreached action=reinterpret pc=0x000000010eb66860 method=org.codehaus.groovy.util.ReferenceManager$1.removeStallEntries()V @ 11
Event: 1136.716 Thread 0x00007fb612ace800 Uncommon trap: reason=class_check action=maybe_recompile pc=0x000000010effbea4 method=sun.reflect.DelegatingMethodAccessorImpl.invoke(Ljava/lang/Object;[Ljava/lang/Object;)Ljava/lang/Object; @ 6
Event: 1136.716 Thread 0x00007fb612ace800 Uncommon trap: reason=class_check action=maybe_recompile pc=0x000000010effbea4 method=sun.reflect.DelegatingMethodAccessorImpl.invoke(Ljava/lang/Object;[Ljava/lang/Object;)Ljava/lang/Object; @ 6
Event: 1136.716 Thread 0x00007fb612ace800 Uncommon trap: reason=class_check action=maybe_recompile pc=0x000000010effbea4 method=sun.reflect.DelegatingMethodAccessorImpl.invoke(Ljava/lang/Object;[Ljava/lang/Object;)Ljava/lang/Object; @ 6
Event: 1136.716 Thread 0x00007fb612ace800 Uncommon trap: reason=class_check action=maybe_recompile pc=0x000000010effbea4 method=sun.reflect.DelegatingMethodAccessorImpl.invoke(Ljava/lang/Object;[Ljava/lang/Object;)Ljava/lang/Object; @ 6
Event: 1136.728 Thread 0x00007fb612ace800 Uncommon trap: reason=null_check action=make_not_entrant pc=0x000000010efdd7c4 method=groovy.lang.MetaClassImpl.distanceToObject(Ljava/lang/Class;)I @ 7
Event: 1137.272 Thread 0x00007fb612ace800 Uncommon trap: reason=class_check action=maybe_recompile pc=0x000000010ee9d5c0 method=java.util.regex.Matcher.getSubSequence(II)Ljava/lang/CharSequence; @ 6
Event: 1139.710 Thread 0x00007fb612ace800 Uncommon trap: reason=null_check action=make_not_entrant pc=0x000000010f003f2c method=com.android.builder.internal.packaging.Packager.checkFileForDuplicate(Ljava/lang/String;)Ljava/io/File; @ 8

Internal exceptions (10 events):
Event: 7359.576 Thread 0x00007fb613675800 Threw 0x00000007f962e200 at /HUDSON/workspace/7u-2-build-macosx-x86_64/jdk7u55/869/hotspot/src/share/vm/prims/jvm.cpp:1244
Event: 7359.576 Thread 0x00007fb613675800 Threw 0x00000007f962e8c8 at /HUDSON/workspace/7u-2-build-macosx-x86_64/jdk7u55/869/hotspot/src/share/vm/classfile/systemDictionary.cpp:185
Event: 7359.576 Thread 0x00007fb613675800 Threw 0x00000007f9634018 at /HUDSON/workspace/7u-2-build-macosx-x86_64/jdk7u55/869/hotspot/src/share/vm/prims/jvm.cpp:1244
Event: 7359.576 Thread 0x00007fb613675800 Threw 0x00000007f9639510 at /HUDSON/workspace/7u-2-build-macosx-x86_64/jdk7u55/869/hotspot/src/share/vm/prims/jvm.cpp:1244
Event: 7359.576 Thread 0x00007fb613675800 Threw 0x00000007f963a490 at /HUDSON/workspace/7u-2-build-macosx-x86_64/jdk7u55/869/hotspot/src/share/vm/prims/jvm.cpp:1244
Event: 7359.576 Thread 0x00007fb613675800 Threw 0x00000007f963ab58 at /HUDSON/workspace/7u-2-build-macosx-x86_64/jdk7u55/869/hotspot/src/share/vm/classfile/systemDictionary.cpp:185
Event: 7359.577 Thread 0x00007fb613675800 Threw 0x00000007f965b7d0 at /HUDSON/workspace/7u-2-build-macosx-x86_64/jdk7u55/869/hotspot/src/share/vm/prims/jvm.cpp:1244
Event: 7359.577 Thread 0x00007fb613675800 Threw 0x00000007f9661588 at /HUDSON/workspace/7u-2-build-macosx-x86_64/jdk7u55/869/hotspot/src/share/vm/prims/jvm.cpp:1244
Event: 7359.577 Thread 0x00007fb613675800 Threw 0x00000007f9662568 at /HUDSON/workspace/7u-2-build-macosx-x86_64/jdk7u55/869/hotspot/src/share/vm/prims/jvm.cpp:1244
Event: 7359.577 Thread 0x00007fb613675800 Threw 0x00000007f9662c48 at /HUDSON/workspace/7u-2-build-macosx-x86_64/jdk7u55/869/hotspot/src/share/vm/classfile/systemDictionary.cpp:185

Events (10 events):
Event: 7359.574 loading class 0x00007fb614d774d0 done
Event: 7359.576 loading class 0x00007fb614d67420
Event: 7359.576 loading class 0x00007fb614d67420 done
Event: 7359.576 loading class 0x00007fb614d6f270
Event: 7359.576 loading class 0x00007fb614d6f270 done
Event: 7359.576 loading class 0x00007fb614d74290
Event: 7359.576 loading class 0x00007fb614d74290 done
Event: 7359.577 loading class 0x00007fb614d73890
Event: 7359.577 loading class 0x00007fb614d73890 done
Event: 7359.578 Executing VM operation: ParallelGCFailedAllocation


Dynamic libraries:
0x00000000081a4000 	/System/Library/Frameworks/Cocoa.framework/Versions/A/Cocoa
0x00000000081a4000 	/System/Library/Frameworks/Security.framework/Versions/A/Security
0x00000000081a4000 	/System/Library/Frameworks/ApplicationServices.framework/Versions/A/ApplicationServices
0x00000000081a4000 	/usr/lib/libz.1.dylib
0x00000000081a4000 	/usr/lib/libSystem.B.dylib
0x00000000081a4000 	/usr/lib/libobjc.A.dylib
0x00000000081a4000 	/System/Library/Frameworks/CoreFoundation.framework/Versions/A/CoreFoundation
0x00000000081a4000 	/System/Library/Frameworks/Foundation.framework/Versions/C/Foundation
0x00000000081a4000 	/System/Library/Frameworks/AppKit.framework/Versions/C/AppKit
0x00000000081a4000 	/System/Library/Frameworks/CoreData.framework/Versions/A/CoreData
0x00000000081a4000 	/System/Library/PrivateFrameworks/RemoteViewServices.framework/Versions/A/RemoteViewServices
0x00000000081a4000 	/System/Library/PrivateFrameworks/UIFoundation.framework/Versions/A/UIFoundation
0x00000000081a4000 	/System/Library/Frameworks/IOSurface.framework/Versions/A/IOSurface
0x00000000081a4000 	/System/Library/Frameworks/AudioToolbox.framework/Versions/A/AudioToolbox
0x00000000081a4000 	/System/Library/Frameworks/AudioUnit.framework/Versions/A/AudioUnit
0x00000000081a4000 	/System/Library/PrivateFrameworks/DataDetectorsCore.framework/Versions/A/DataDetectorsCore
0x00000000081a4000 	/System/Library/PrivateFrameworks/DesktopServicesPriv.framework/Versions/A/DesktopServicesPriv
0x00000000081a4000 	/System/Library/Frameworks/Carbon.framework/Versions/A/Frameworks/HIToolbox.framework/Versions/A/HIToolbox
0x00000000081a4000 	/System/Library/Frameworks/QuartzCore.framework/Versions/A/QuartzCore
0x00000000081a4000 	/System/Library/Frameworks/Carbon.framework/Versions/A/Frameworks/SpeechRecognition.framework/Versions/A/SpeechRecognition
0x00000000081a4000 	/usr/lib/libauto.dylib
0x00000000081a4000 	/usr/lib/libicucore.A.dylib
0x00000000081a4000 	/usr/lib/libxml2.2.dylib
0x00000000081a4000 	/System/Library/PrivateFrameworks/CoreUI.framework/Versions/A/CoreUI
0x00000000081a4000 	/System/Library/Frameworks/CoreAudio.framework/Versions/A/CoreAudio
0x00000000081a4000 	/System/Library/Frameworks/DiskArbitration.framework/Versions/A/DiskArbitration
0x00000000081a4000 	/usr/lib/liblangid.dylib
0x00000000081a4000 	/System/Library/PrivateFrameworks/MultitouchSupport.framework/Versions/A/MultitouchSupport
0x00000000081a4000 	/System/Library/Frameworks/IOKit.framework/Versions/A/IOKit
0x00000000081a4000 	/usr/lib/libDiagnosticMessagesClient.dylib
0x00000000081a4000 	/System/Library/Frameworks/CoreServices.framework/Versions/A/CoreServices
0x00000000081a4000 	/System/Library/PrivateFrameworks/PerformanceAnalysis.framework/Versions/A/PerformanceAnalysis
0x00000000081a4000 	/System/Library/PrivateFrameworks/GenerationalStorage.framework/Versions/A/GenerationalStorage
0x00000000081a4000 	/System/Library/Frameworks/OpenGL.framework/Versions/A/OpenGL
0x00000000081a4000 	/System/Library/PrivateFrameworks/Sharing.framework/Versions/A/Sharing
0x00000000081a4000 	/System/Library/Frameworks/CoreGraphics.framework/Versions/A/CoreGraphics
0x00000000081a4000 	/System/Library/Frameworks/CoreText.framework/Versions/A/CoreText
0x00000000081a4000 	/System/Library/Frameworks/ImageIO.framework/Versions/A/ImageIO
0x00000000081a4000 	/usr/lib/libextension.dylib
0x00000000081a4000 	/System/Library/PrivateFrameworks/Backup.framework/Versions/A/Backup
0x00000000081a4000 	/usr/lib/libarchive.2.dylib
0x00000000081a4000 	/System/Library/Frameworks/CFNetwork.framework/Versions/A/CFNetwork
0x00000000081a4000 	/System/Library/Frameworks/SystemConfiguration.framework/Versions/A/SystemConfiguration
0x00000000081a4000 	/usr/lib/libCRFSuite.dylib
0x00000000081a4000 	/usr/lib/libc++.1.dylib
0x00000000081a4000 	/usr/lib/libc++abi.dylib
0x00000000081a4000 	/usr/lib/system/libcache.dylib
0x00000000081a4000 	/usr/lib/system/libcommonCrypto.dylib
0x00000000081a4000 	/usr/lib/system/libcompiler_rt.dylib
0x00000000081a4000 	/usr/lib/system/libcopyfile.dylib
0x00000000081a4000 	/usr/lib/system/libcorecrypto.dylib
0x00000000081a4000 	/usr/lib/system/libdispatch.dylib
0x00000000081a4000 	/usr/lib/system/libdyld.dylib
0x00000000081a4000 	/usr/lib/system/libkeymgr.dylib
0x00000000081a4000 	/usr/lib/system/liblaunch.dylib
0x00000000081a4000 	/usr/lib/system/libmacho.dylib
0x00000000081a4000 	/usr/lib/system/libquarantine.dylib
0x00000000081a4000 	/usr/lib/system/libremovefile.dylib
0x00000000081a4000 	/usr/lib/system/libsystem_asl.dylib
0x00000000081a4000 	/usr/lib/system/libsystem_blocks.dylib
0x00000000081a4000 	/usr/lib/system/libsystem_c.dylib
0x00000000081a4000 	/usr/lib/system/libsystem_configuration.dylib
0x00000000081a4000 	/usr/lib/system/libsystem_coreservices.dylib
0x00000000081a4000 	/usr/lib/system/libsystem_coretls.dylib
0x00000000081a4000 	/usr/lib/system/libsystem_dnssd.dylib
0x00000000081a4000 	/usr/lib/system/libsystem_info.dylib
0x00000000081a4000 	/usr/lib/system/libsystem_kernel.dylib
0x00000000081a4000 	/usr/lib/system/libsystem_m.dylib
0x00000000081a4000 	/usr/lib/system/libsystem_malloc.dylib
0x00000000081a4000 	/usr/lib/system/libsystem_network.dylib
0x00000000081a4000 	/usr/lib/system/libsystem_networkextension.dylib
0x00000000081a4000 	/usr/lib/system/libsystem_notify.dylib
0x00000000081a4000 	/usr/lib/system/libsystem_platform.dylib
0x00000000081a4000 	/usr/lib/system/libsystem_pthread.dylib
0x00000000081a4000 	/usr/lib/system/libsystem_sandbox.dylib
0x00000000081a4000 	/usr/lib/system/libsystem_secinit.dylib
0x00000000081a4000 	/usr/lib/system/libsystem_stats.dylib
0x00000000081a4000 	/usr/lib/system/libsystem_trace.dylib
0x00000000081a4000 	/usr/lib/system/libunc.dylib
0x00000000081a4000 	/usr/lib/system/libunwind.dylib
0x00000000081a4000 	/usr/lib/system/libxpc.dylib
0x00000000081a4000 	/usr/lib/libbz2.1.0.dylib
0x00000000081a4000 	/usr/lib/liblzma.5.dylib
0x00000000081a4000 	/usr/lib/libbsm.0.dylib
0x00000000081a4000 	/usr/lib/libsqlite3.dylib
0x00000000081a4000 	/usr/lib/system/libkxld.dylib
0x00000000081a4000 	/usr/lib/libxar.1.dylib
0x00000000081a4000 	/usr/lib/libpam.2.dylib
0x00000000081a4000 	/usr/lib/libOpenScriptingUtil.dylib
0x00000000081a4000 	/System/Library/Frameworks/CoreServices.framework/Versions/A/Frameworks/FSEvents.framework/Versions/A/FSEvents
0x00000000081a4000 	/System/Library/Frameworks/CoreServices.framework/Versions/A/Frameworks/CarbonCore.framework/Versions/A/CarbonCore
0x00000000081a4000 	/System/Library/Frameworks/CoreServices.framework/Versions/A/Frameworks/Metadata.framework/Versions/A/Metadata
0x00000000081a4000 	/System/Library/Frameworks/CoreServices.framework/Versions/A/Frameworks/OSServices.framework/Versions/A/OSServices
0x00000000081a4000 	/System/Library/Frameworks/CoreServices.framework/Versions/A/Frameworks/SearchKit.framework/Versions/A/SearchKit
0x00000000081a4000 	/System/Library/Frameworks/CoreServices.framework/Versions/A/Frameworks/AE.framework/Versions/A/AE
0x00000000081a4000 	/System/Library/Frameworks/CoreServices.framework/Versions/A/Frameworks/LaunchServices.framework/Versions/A/LaunchServices
0x00000000081a4000 	/System/Library/Frameworks/CoreServices.framework/Versions/A/Frameworks/DictionaryServices.framework/Versions/A/DictionaryServices
0x00000000081a4000 	/System/Library/Frameworks/NetFS.framework/Versions/A/NetFS
0x00000000081a4000 	/System/Library/PrivateFrameworks/NetAuth.framework/Versions/A/NetAuth
0x00000000081a4000 	/System/Library/PrivateFrameworks/login.framework/Versions/A/Frameworks/loginsupport.framework/Versions/A/loginsupport
0x00000000081a4000 	/System/Library/PrivateFrameworks/TCC.framework/Versions/A/TCC
0x00000000081a4000 	/usr/lib/libmecabra.dylib
0x00000000081a4000 	/System/Library/Frameworks/ApplicationServices.framework/Versions/A/Frameworks/ATS.framework/Versions/A/ATS
0x00000000081a4000 	/System/Library/Frameworks/ApplicationServices.framework/Versions/A/Frameworks/ColorSync.framework/Versions/A/ColorSync
0x00000000081a4000 	/System/Library/Frameworks/ApplicationServices.framework/Versions/A/Frameworks/HIServices.framework/Versions/A/HIServices
0x00000000081a4000 	/System/Library/Frameworks/ApplicationServices.framework/Versions/A/Frameworks/LangAnalysis.framework/Versions/A/LangAnalysis
0x00000000081a4000 	/System/Library/Frameworks/ApplicationServices.framework/Versions/A/Frameworks/PrintCore.framework/Versions/A/PrintCore
0x00000000081a4000 	/System/Library/Frameworks/ApplicationServices.framework/Versions/A/Frameworks/QD.framework/Versions/A/QD
0x00000000081a4000 	/System/Library/Frameworks/ApplicationServices.framework/Versions/A/Frameworks/SpeechSynthesis.framework/Versions/A/SpeechSynthesis
0x00000000081a4000 	/System/Library/Frameworks/Accelerate.framework/Versions/A/Accelerate
0x00000000081a4000 	/System/Library/Frameworks/Accelerate.framework/Versions/A/Frameworks/vImage.framework/Versions/A/vImage
0x00000000081a4000 	/System/Library/Frameworks/Accelerate.framework/Versions/A/Frameworks/vecLib.framework/Versions/A/vecLib
0x00000000081a4000 	/System/Library/Frameworks/Accelerate.framework/Versions/A/Frameworks/vecLib.framework/Versions/A/libvDSP.dylib
0x00000000081a4000 	/System/Library/Frameworks/Accelerate.framework/Versions/A/Frameworks/vecLib.framework/Versions/A/libvMisc.dylib
0x00000000081a4000 	/System/Library/Frameworks/Accelerate.framework/Versions/A/Frameworks/vecLib.framework/Versions/A/libLAPACK.dylib
0x00000000081a4000 	/System/Library/Frameworks/Accelerate.framework/Versions/A/Frameworks/vecLib.framework/Versions/A/libBLAS.dylib
0x00000000081a4000 	/System/Library/Frameworks/Accelerate.framework/Versions/A/Frameworks/vecLib.framework/Versions/A/libLinearAlgebra.dylib
0x00000000081a4000 	/System/Library/Frameworks/ApplicationServices.framework/Versions/A/Frameworks/ATS.framework/Versions/A/Resources/libFontParser.dylib
0x00000000081a4000 	/System/Library/Frameworks/ApplicationServices.framework/Versions/A/Frameworks/ATS.framework/Versions/A/Resources/libFontRegistry.dylib
0x00000000081a4000 	/System/Library/PrivateFrameworks/AppleVPA.framework/Versions/A/AppleVPA
0x00000000081a4000 	/System/Library/PrivateFrameworks/AppleJPEG.framework/Versions/A/AppleJPEG
0x00000000081a4000 	/System/Library/Frameworks/ImageIO.framework/Versions/A/Resources/libJPEG.dylib
0x00000000081a4000 	/System/Library/Frameworks/ImageIO.framework/Versions/A/Resources/libTIFF.dylib
0x00000000081a4000 	/System/Library/Frameworks/ImageIO.framework/Versions/A/Resources/libPng.dylib
0x00000000081a4000 	/System/Library/Frameworks/ImageIO.framework/Versions/A/Resources/libGIF.dylib
0x00000000081a4000 	/System/Library/Frameworks/ImageIO.framework/Versions/A/Resources/libJP2.dylib
0x00000000081a4000 	/System/Library/Frameworks/ImageIO.framework/Versions/A/Resources/libRadiance.dylib
0x00000000081a4000 	/System/Library/Frameworks/CoreVideo.framework/Versions/A/CoreVideo
0x00000000081a4000 	/System/Library/Frameworks/OpenGL.framework/Versions/A/Libraries/libGLU.dylib
0x00000000081a4000 	/System/Library/Frameworks/OpenGL.framework/Versions/A/Libraries/libGFXShared.dylib
0x00000000081a4000 	/System/Library/Frameworks/OpenGL.framework/Versions/A/Libraries/libGL.dylib
0x00000000081a4000 	/System/Library/Frameworks/OpenGL.framework/Versions/A/Libraries/libGLImage.dylib
0x00000000081a4000 	/System/Library/Frameworks/OpenGL.framework/Versions/A/Libraries/libCVMSPluginSupport.dylib
0x00000000081a4000 	/System/Library/Frameworks/OpenGL.framework/Versions/A/Libraries/libCoreVMClient.dylib
0x00000000081a4000 	/usr/lib/libcups.2.dylib
0x00000000081a4000 	/System/Library/Frameworks/Kerberos.framework/Versions/A/Kerberos
0x00000000081a4000 	/System/Library/Frameworks/GSS.framework/Versions/A/GSS
0x00000000081a4000 	/usr/lib/libresolv.9.dylib
0x00000000081a4000 	/usr/lib/libiconv.2.dylib
0x00000000081a4000 	/System/Library/PrivateFrameworks/Heimdal.framework/Versions/A/Heimdal
0x00000000081a4000 	/usr/lib/libheimdal-asn1.dylib
0x00000000081a4000 	/System/Library/Frameworks/OpenDirectory.framework/Versions/A/OpenDirectory
0x00000000081a4000 	/System/Library/PrivateFrameworks/CommonAuth.framework/Versions/A/CommonAuth
0x00000000081a4000 	/System/Library/Frameworks/OpenDirectory.framework/Versions/A/Frameworks/CFOpenDirectory.framework/Versions/A/CFOpenDirectory
0x00000000081a4000 	/System/Library/Frameworks/SecurityFoundation.framework/Versions/A/SecurityFoundation
0x00000000081a4000 	/System/Library/PrivateFrameworks/LanguageModeling.framework/Versions/A/LanguageModeling
0x00000000081a4000 	/usr/lib/libcmph.dylib
0x00000000081a4000 	/System/Library/Frameworks/ServiceManagement.framework/Versions/A/ServiceManagement
0x00000000081a4000 	/usr/lib/libxslt.1.dylib
0x00000000081a4000 	/System/Library/Frameworks/Carbon.framework/Versions/A/Frameworks/Ink.framework/Versions/A/Ink
0x00000000081a4000 	/System/Library/Frameworks/QuartzCore.framework/Versions/A/Frameworks/CoreImage.framework/Versions/A/CoreImage
0x00000000081a4000 	/System/Library/PrivateFrameworks/CrashReporterSupport.framework/Versions/A/CrashReporterSupport
0x00000000081a4000 	/System/Library/Frameworks/OpenCL.framework/Versions/A/OpenCL
0x00000000081a4000 	/System/Library/PrivateFrameworks/FaceCore.framework/Versions/A/FaceCore
0x00000000081a4000 	/System/Library/PrivateFrameworks/Ubiquity.framework/Versions/A/Ubiquity
0x00000000081a4000 	/System/Library/PrivateFrameworks/IconServices.framework/Versions/A/IconServices
0x00000000081a4000 	/System/Library/PrivateFrameworks/ChunkingLibrary.framework/Versions/A/ChunkingLibrary
0x00000000081a4000 	/System/Library/PrivateFrameworks/Apple80211.framework/Versions/A/Apple80211
0x00000000081a4000 	/System/Library/Frameworks/CoreWLAN.framework/Versions/A/CoreWLAN
0x00000000081a4000 	/System/Library/Frameworks/IOBluetooth.framework/Versions/A/IOBluetooth
0x00000000081a4000 	/System/Library/PrivateFrameworks/CoreWiFi.framework/Versions/A/CoreWiFi
0x00000000081a4000 	/System/Library/Frameworks/CoreBluetooth.framework/Versions/A/CoreBluetooth
0x00000000081a4000 	/System/Library/PrivateFrameworks/DebugSymbols.framework/Versions/A/DebugSymbols
0x00000000081a4000 	/System/Library/PrivateFrameworks/CoreSymbolication.framework/Versions/A/CoreSymbolication
0x00000000081a4000 	/System/Library/PrivateFrameworks/Symbolication.framework/Versions/A/Symbolication
0x00000000081a4000 	/System/Library/PrivateFrameworks/SpeechRecognitionCore.framework/Versions/A/SpeechRecognitionCore
0x000000010da00000 	/Library/Java/JavaVirtualMachines/jdk1.7.0_55.jdk/Contents/Home/jre/lib/server/libjvm.dylib
0x00000000081a4000 	/usr/lib/libstdc++.6.dylib
0x000000010c920000 	/Library/Java/JavaVirtualMachines/jdk1.7.0_55.jdk/Contents/Home/jre/lib/libverify.dylib
0x000000010c92d000 	/Library/Java/JavaVirtualMachines/jdk1.7.0_55.jdk/Contents/Home/jre/lib/libjava.dylib
0x000000010c967000 	/Library/Java/JavaVirtualMachines/jdk1.7.0_55.jdk/Contents/Home/jre/lib/libzip.dylib
0x0000000116ede000 	/System/Library/Frameworks/JavaVM.framework/Frameworks/JavaRuntimeSupport.framework/JavaRuntimeSupport
0x0000000116ef6000 	/System/Library/Frameworks/JavaVM.framework/Versions/A/Frameworks/JavaNativeFoundation.framework/Versions/A/JavaNativeFoundation
0x000000010c9f1000 	/System/Library/Frameworks/JavaVM.framework/Versions/A/JavaVM
0x00000000081a4000 	/System/Library/Frameworks/Carbon.framework/Versions/A/Carbon
0x0000000116f0b000 	/System/Library/PrivateFrameworks/JavaLaunching.framework/Versions/A/JavaLaunching
0x00000000081a4000 	/System/Library/Frameworks/Carbon.framework/Versions/A/Frameworks/CommonPanels.framework/Versions/A/CommonPanels
0x00000000081a4000 	/System/Library/Frameworks/Carbon.framework/Versions/A/Frameworks/Help.framework/Versions/A/Help
0x00000000081a4000 	/System/Library/Frameworks/Carbon.framework/Versions/A/Frameworks/ImageCapture.framework/Versions/A/ImageCapture
0x00000000081a4000 	/System/Library/Frameworks/Carbon.framework/Versions/A/Frameworks/OpenScripting.framework/Versions/A/OpenScripting
0x00000000081a4000 	/System/Library/Frameworks/Carbon.framework/Versions/A/Frameworks/Print.framework/Versions/A/Print
0x00000000081a4000 	/System/Library/Frameworks/Carbon.framework/Versions/A/Frameworks/SecurityHI.framework/Versions/A/SecurityHI
0x0000000118f72000 	/Library/Java/JavaVirtualMachines/jdk1.7.0_55.jdk/Contents/Home/jre/lib/libnet.dylib
0x0000000118fd1000 	/Library/Java/JavaVirtualMachines/jdk1.7.0_55.jdk/Contents/Home/jre/lib/libnio.dylib
0x00000001194c8000 	/private/var/folders/wl/7ptxbjn138z4s591v_gqcd6h0000gn/T/native-platform5074114331609976835dir/libnative-platform.dylib
0x0000000116f17000 	/Library/Java/JavaVirtualMachines/jdk1.7.0_55.jdk/Contents/Home/jre/lib/libsunec.dylib

VM Arguments:
jvm_args: -XX:MaxPermSize=256m -XX:+HeapDumpOnOutOfMemoryError -Xmx1024m -Dfile.encoding=UTF-8 -Duser.country=US -Duser.language=en -Duser.variant 
java_command: org.gradle.launcher.daemon.bootstrap.GradleDaemon 2.2.1 /Users/JoshuaWilliams/.gradle/daemon 10800000 fccba8a1-8054-4817-8afa-9af420121dc0 -XX:MaxPermSize=256m -XX:+HeapDumpOnOutOfMemoryError -Xmx1024m -Dfile.encoding=UTF-8 -Duser.country=US -Duser.language=en -Duser.variant
Launcher Type: SUN_STANDARD

Environment Variables:
PATH=/usr/bin:/bin:/usr/sbin:/sbin
SHELL=/bin/bash
DISPLAY=/private/tmp/com.apple.launchd.INSewyVIMC/org.macosforge.xquartz:0

Signal Handlers:
SIGSEGV: [libjvm.dylib+0x5253e5], sa_mask[0]=0xfffefeff, sa_flags=0x00000043
SIGBUS: [libjvm.dylib+0x5253e5], sa_mask[0]=0xfffefeff, sa_flags=0x00000042
SIGFPE: [libjvm.dylib+0x4188a2], sa_mask[0]=0xfffefeff, sa_flags=0x00000042
SIGPIPE: [libjvm.dylib+0x4188a2], sa_mask[0]=0xfffefeff, sa_flags=0x00000042
SIGXFSZ: [libjvm.dylib+0x4188a2], sa_mask[0]=0xfffefeff, sa_flags=0x00000042
SIGILL: [libjvm.dylib+0x4188a2], sa_mask[0]=0xfffefeff, sa_flags=0x00000042
SIGUSR1: SIG_DFL, sa_mask[0]=0x00000000, sa_flags=0x00000000
SIGUSR2: [libjvm.dylib+0x418394], sa_mask[0]=0x00000004, sa_flags=0x00000042
SIGHUP: [libjvm.dylib+0x416623], sa_mask[0]=0xfffefeff, sa_flags=0x00000042
SIGINT: [libjvm.dylib+0x416623], sa_mask[0]=0xfffefeff, sa_flags=0x00000042
SIGTERM: [libjvm.dylib+0x416623], sa_mask[0]=0xfffefeff, sa_flags=0x00000042
SIGQUIT: [libjvm.dylib+0x416623], sa_mask[0]=0xfffefeff, sa_flags=0x00000042


---------------  S Y S T E M  ---------------

OS:Bsduname:Darwin 14.3.0 Darwin Kernel Version 14.3.0: Mon Mar 23 11:59:05 PDT 2015; root:xnu-2782.20.48~5/RELEASE_X86_64 x86_64
rlimit: STACK 8192k, CORE 0k, NPROC 709, NOFILE 10240, AS infinity
load average:2.07 1.96 2.32

CPU:total 8 (4 cores per cpu, 2 threads per core) family 6 model 58 stepping 9, cmov, cx8, fxsr, mmx, sse, sse2, sse3, ssse3, sse4.1, sse4.2, popcnt, avx, aes, erms, ht, tsc, tscinvbit, tscinv

Memory: 4k page, physical 8388608k(2097152k free)

/proc/meminfo:


vm_info: Java HotSpot(TM) 64-Bit Server VM (24.55-b03) for bsd-amd64 JRE (1.7.0_55-b13), built on Mar 17 2014 19:40:08 by "java_re" with gcc 4.2.1 (Based on Apple Inc. build 5658) (LLVM build 2336.11.00)

time: Fri Jun 12 22:01:14 2015
elapsed time: 7359 seconds

